2023-05-09 01:46:36,387 [ERROR] main: USER: aklsjdlkasd -> Wrote a wrong login/password
2023-05-09 01:46:40,649 [ERROR] main: USER: askdjlad -> Wrote a wrong login/password
2023-05-09 01:46:52,045 [ERROR] main: USER: asjdkhasd -> Wrote a wrong login/password
2023-05-09 01:47:00,015 [ERROR] main: USER: Faridun -> Wrote a wrong login/password
2023-05-09 01:47:26,471 [INFO] main: USER: admin -> Has logged-in to the system
2023-05-09 02:04:46,673 [INFO] main: USER: None -> Has logged out from the system
2023-05-09 02:04:51,176 [INFO] main: USER: admin -> Has logged-in to the system
2023-05-09 02:11:31,315 [INFO] main: USER: None -> Has logged out from the system
2023-05-09 02:11:39,791 [INFO] main: USER: admin -> Has logged-in to the system
2023-05-09 02:33:21,885 [INFO] main: USER: None -> Has logged out from the system
2023-05-09 02:33:25,767 [INFO] main: USER: admin -> Has logged-in to the system
2023-05-09 02:57:36,995 [INFO] main: USER: None -> Has logged out from the system
2023-05-09 02:57:44,528 [INFO] main: USER: faridun -> Has logged-in to the system
2023-05-09 03:04:46,675 [INFO] main: USER: None -> Has logged out from the system
2023-05-09 03:04:48,645 [INFO] main: USER: faridun -> Has logged-in to the system
2023-05-09 03:08:32,673 [INFO] main: USER: faridun -> Has logged out from the system
2023-05-09 03:08:35,273 [INFO] main: USER: faridun -> Has logged-in to the system
2023-05-09 19:06:25,042 [INFO] main: USER: None -> Has logged out from the system
2023-05-09 19:06:28,897 [INFO] main: USER: faridun -> Has logged-in to the system
2023-05-09 19:16:29,554 [INFO] main: USER: None -> Has logged out from the system
2023-05-09 19:16:32,918 [INFO] main: USER: faridun -> Has logged-in to the system
2023-05-09 19:17:18,431 [INFO] main: USER: None -> Has logged out from the system
2023-05-09 19:17:21,034 [INFO] main: USER: faridun -> Has logged-in to the system
2023-05-09 22:00:18,810 [INFO] main: USER: None -> Has logged out from the system
2023-05-09 22:00:22,189 [INFO] main: USER: faridun -> Has logged-in to the system
2023-05-09 22:05:10,578 [INFO] main: USER: None -> Has logged out from the system
2023-05-09 22:05:13,986 [INFO] main: USER: faridun -> Has logged-in to the system
2023-05-09 22:05:31,296 [INFO] main: USER: faridun -> Has logged out from the system
2023-05-09 22:08:09,939 [INFO] main: USER: faridun -> Has logged-in to the system
2023-05-09 22:38:28,075 [INFO] main: USER: None -> Has logged out from the system
2023-05-09 22:38:31,100 [ERROR] main: USER: faridun -> Wrote a wrong login/password
2023-05-09 22:38:34,103 [ERROR] main: USER: faridun -> Wrote a wrong login/password
2023-05-09 22:39:55,012 [ERROR] main: USER: faridun -> Wrote a wrong login/password
2023-05-09 22:39:58,170 [ERROR] main: USER: faridun -> Wrote a wrong login/password
2023-05-09 22:40:14,779 [ERROR] main: USER: faridun -> Wrote a wrong login/password
2023-05-09 22:41:10,399 [ERROR] main: USER: postgres -> Wrote a wrong login/password
2023-05-09 22:41:26,275 [ERROR] main: USER: postgres -> Wrote a wrong login/password
2023-05-09 22:41:34,175 [ERROR] main: USER: admin -> Wrote a wrong login/password
2023-05-09 22:41:42,594 [ERROR] main: USER: postgres -> Wrote a wrong login/password
2023-05-09 22:43:19,973 [ERROR] main: USER: faridun -> Wrote a wrong login/password
2023-05-09 23:15:53,226 [INFO] main: USER: faridun -> Has logged-in to the system
2023-05-09 23:25:50,873 [INFO] main: USER: faridun -> Has logged out from the system
2023-05-09 23:26:02,494 [INFO] main: USER: faridun -> Has logged-in to the system
2023-05-09 23:26:08,754 [INFO] main: USER: faridun -> Has logged out from the system
2023-05-09 23:27:27,481 [ERROR] main: USER: faridun -> Wrote a wrong login/password
2023-05-09 23:27:48,051 [INFO] main: USER: faridun -> Has logged-in to the system
2023-05-09 23:31:55,098 [INFO] main: USER: faridun -> Has logged out from the system
2023-05-09 23:34:46,405 [INFO] main: USER: faridun -> Has logged-in to the system
2023-05-09 23:47:01,575 [INFO] main: USER: faridun -> Has logged out from the system
2023-05-09 23:47:05,641 [INFO] main: USER: faridun -> Has logged-in to the system
2023-05-10 00:00:38,071 [INFO] main: USER: faridun -> Has logged out from the system
2023-05-10 00:00:43,242 [INFO] main: USER: faridun -> Has logged-in to the system
2023-05-10 00:05:21,410 [INFO] main: USER: faridun -> Has logged out from the system
2023-05-10 00:05:35,888 [INFO] main: USER: faridun -> Has logged-in to the system
2023-05-10 00:30:29,813 [INFO] main: USER: faridun -> Has logged out from the system
2023-05-10 00:31:22,176 [INFO] main: USER: faridun -> Has logged-in to the system
2023-05-10 00:31:52,085 [INFO] main: USER: faridun -> Has uploaded a passport
2023-05-10 03:15:38,411 [INFO] main: USER: faridun -> Has logged out from the system
2023-05-10 03:15:49,901 [INFO] main: USER: faridun -> Has logged-in to the system
2023-05-10 03:19:07,543 [INFO] main: USER: faridun -> Has uploaded a passport
2023-05-10 03:32:07,825 [INFO] main: USER: faridun -> Has uploaded a passport
2023-05-10 03:35:47,512 [INFO] main: USER: faridun -> Has logged out from the system
2023-05-10 03:36:27,707 [INFO] main: USER: faridun -> Has logged-in to the system
2023-05-10 03:36:52,637 [INFO] main: USER: faridun -> Has uploaded a passport
2023-05-10 03:37:03,865 [INFO] main: USER: faridun -> Has uploaded a passport
2023-05-10 03:53:02,898 [INFO] main: USER: faridun -> Has uploaded a passport
2023-05-10 05:05:14,879 [INFO] main: USER: faridun -> Has uploaded a passport
2023-05-10 06:07:57,463 [INFO] main: USER: faridun -> Has uploaded a passport
2023-05-10 06:11:29,498 [INFO] main: USER: faridun -> Has uploaded a passport
2023-05-10 06:11:56,253 [INFO] main: USER: faridun -> Has uploaded a passport
2023-05-10 06:12:52,603 [INFO] main: USER: faridun -> Has uploaded a passport
2023-05-10 06:13:01,231 [INFO] main: USER: faridun -> Has uploaded a passport
2023-05-10 06:14:54,766 [INFO] main: USER: faridun -> Has uploaded a passport
2023-05-10 06:17:45,682 [INFO] main: USER: faridun -> Has uploaded a passport
2023-05-10 06:18:40,029 [INFO] main: USER: faridun -> Has uploaded a passport
2023-05-10 06:20:44,928 [INFO] main: USER: faridun -> Has uploaded a passport
2023-05-10 06:21:51,278 [INFO] main: USER: faridun -> Has uploaded a passport
2023-05-10 06:22:58,826 [INFO] main: USER: faridun -> Has uploaded a passport
2023-05-10 06:26:46,040 [INFO] main: USER: faridun -> Has uploaded a passport
2023-05-10 06:27:02,647 [INFO] main: USER: faridun -> Has uploaded a passport
2023-05-10 06:31:38,113 [INFO] main: USER: faridun -> Has uploaded a passport
2023-05-10 06:34:15,509 [INFO] main: USER: faridun -> Has uploaded a passport
2023-05-10 06:34:25,456 [INFO] main: USER: faridun -> Has uploaded a passport
2023-05-10 06:35:23,282 [INFO] main: USER: faridun -> Has uploaded a passport
2023-05-10 06:35:48,583 [INFO] main: USER: faridun -> Has uploaded a passport
2023-05-10 06:36:28,443 [INFO] main: USER: faridun -> Has uploaded a passport
2023-05-10 06:36:40,390 [INFO] main: USER: faridun -> Has uploaded a passport
2023-05-10 06:44:34,118 [INFO] main: USER: faridun -> Has uploaded a passport
